# JRE version: Java(TM) SE Runtime Environment (8.0_05-b13) (build 1.8.0_05-b13)
# Java VM: Java HotSpot(TM) 64-Bit Server VM (25.5-b02 mixed mode windows-amd64 compressed oops)
Heap:
 PSYoungGen      total 5632K, used 3950K [0x00000000f0300000, 0x00000000f0c00000, 0x0000000100000000)
  eden space 3584K, 59% used [0x00000000f0300000,0x00000000f0518050,0x00000000f0680000)
  from space 2048K, 88% used [0x00000000f0900000,0x00000000f0ac39a8,0x00000000f0b00000)
  to   space 2560K, 0% used [0x00000000f0680000,0x00000000f0680000,0x00000000f0900000)
 ParOldGen       total 47616K, used 1646K [0x00000000d0800000, 0x00000000d3680000, 0x00000000f0300000)
  object space 47616K, 3% used [0x00000000d0800000,0x00000000d099b8a0,0x00000000d3680000)
 Metaspace       used 12325K, capacity 12440K, committed 12672K, reserved 1060864K
  class space    used 1536K, capacity 1596K, committed 1664K, reserved 1048576K
GC Heap History (10 events):
Event: 0.405 GC heap before
{Heap before GC invocations=4 (full 0):
 PSYoungGen      total 1024K, used 1024K [0x00000000f0300000, 0x00000000f0500000, 0x0000000100000000)
  eden space 512K, 100% used [0x00000000f0300000,0x00000000f0380000,0x00000000f0380000)
  from space 512K, 100% used [0x00000000f0380000,0x00000000f0400000,0x00000000f0400000)
  to   space 512K, 0% used [0x00000000f0480000,0x00000000f0480000,0x00000000f0500000)
 ParOldGen       total 47616K, used 240K [0x00000000d0800000, 0x00000000d3680000, 0x00000000f0300000)
  object space 47616K, 0% used [0x00000000d0800000,0x00000000d083c000,0x00000000d3680000)
 Metaspace       used 5785K, capacity 5966K, committed 6144K, reserved 1056768K
  class space    used 667K, capacity 724K, committed 768K, reserved 1048576K
Event: 0.407 GC heap after
Heap after GC invocations=4 (full 0):
 PSYoungGen      total 1536K, used 480K [0x00000000f0300000, 0x00000000f0500000, 0x0000000100000000)
  eden space 1024K, 0% used [0x00000000f0300000,0x00000000f0300000,0x00000000f0400000)
  from space 512K, 93% used [0x00000000f0480000,0x00000000f04f8020,0x00000000f0500000)
  to   space 512K, 0% used [0x00000000f0400000,0x00000000f0400000,0x00000000f0480000)
 ParOldGen       total 47616K, used 412K [0x00000000d0800000, 0x00000000d3680000, 0x00000000f0300000)
  object space 47616K, 0% used [0x00000000d0800000,0x00000000d0867010,0x00000000d3680000)
 Metaspace       used 5785K, capacity 5966K, committed 6144K, reserved 1056768K
  class space    used 667K, capacity 724K, committed 768K, reserved 1048576K
}
Event: 0.988 GC heap before
{Heap before GC invocations=5 (full 0):
 PSYoungGen      total 1536K, used 1500K [0x00000000f0300000, 0x00000000f0500000, 0x0000000100000000)
  eden space 1024K, 99% used [0x00000000f0300000,0x00000000f03ff248,0x00000000f0400000)
  from space 512K, 93% used [0x00000000f0480000,0x00000000f04f8020,0x00000000f0500000)
  to   space 512K, 0% used [0x00000000f0400000,0x00000000f0400000,0x00000000f0480000)
 ParOldGen       total 47616K, used 412K [0x00000000d0800000, 0x00000000d3680000, 0x00000000f0300000)
  object space 47616K, 0% used [0x00000000d0800000,0x00000000d0867010,0x00000000d3680000)
 Metaspace       used 8231K, capacity 8398K, committed 8576K, reserved 1056768K
  class space    used 1041K, capacity 1108K, committed 1152K, reserved 1048576K
Event: 0.994 GC heap after
Heap after GC invocations=5 (full 0):
 PSYoungGen      total 1536K, used 512K [0x00000000f0300000, 0x00000000f0800000, 0x0000000100000000)
  eden space 1024K, 0% used [0x00000000f0300000,0x00000000f0300000,0x00000000f0400000)
  from space 512K, 100% used [0x00000000f0400000,0x00000000f0480000,0x00000000f0480000)
  to   space 1536K, 0% used [0x00000000f0680000,0x00000000f0680000,0x00000000f0800000)
 ParOldGen       total 47616K, used 980K [0x00000000d0800000, 0x00000000d3680000, 0x00000000f0300000)
  object space 47616K, 2% used [0x00000000d0800000,0x00000000d08f5060,0x00000000d3680000)
 Metaspace       used 8231K, capacity 8398K, committed 8576K, reserved 1056768K
  class space    used 1041K, capacity 1108K, committed 1152K, reserved 1048576K
}
Event: 1.260 GC heap before
{Heap before GC invocations=6 (full 0):
 PSYoungGen      total 1536K, used 1536K [0x00000000f0300000, 0x00000000f0800000, 0x0000000100000000)
  eden space 1024K, 100% used [0x00000000f0300000,0x00000000f0400000,0x00000000f0400000)
  from space 512K, 100% used [0x00000000f0400000,0x00000000f0480000,0x00000000f0480000)
  to   space 1536K, 0% used [0x00000000f0680000,0x00000000f0680000,0x00000000f0800000)
 ParOldGen       total 47616K, used 980K [0x00000000d0800000, 0x00000000d3680000, 0x00000000f0300000)
  object space 47616K, 2% used [0x00000000d0800000,0x00000000d08f5060,0x00000000d3680000)
 Metaspace       used 10545K, capacity 10706K, committed 10880K, reserved 1058816K
  class space    used 1353K, capacity 1403K, committed 1408K, reserved 1048576K
Event: 1.265 GC heap after
Heap after GC invocations=6 (full 0):
 PSYoungGen      total 3584K, used 1056K [0x00000000f0300000, 0x00000000f0800000, 0x0000000100000000)
  eden space 2048K, 0% used [0x00000000f0300000,0x00000000f0300000,0x00000000f0500000)
  from space 1536K, 68% used [0x00000000f0680000,0x00000000f0788000,0x00000000f0800000)
  to   space 1536K, 0% used [0x00000000f0500000,0x00000000f0500000,0x00000000f0680000)
 ParOldGen       total 47616K, used 980K [0x00000000d0800000, 0x00000000d3680000, 0x00000000f0300000)
  object space 47616K, 2% used [0x00000000d0800000,0x00000000d08f5060,0x00000000d3680000)
 Metaspace       used 10545K, capacity 10706K, committed 10880K, reserved 1058816K
  class space    used 1353K, capacity 1403K, committed 1408K, reserved 1048576K
}
Event: 1.606 GC heap before
{Heap before GC invocations=7 (full 0):
 PSYoungGen      total 3584K, used 3104K [0x00000000f0300000, 0x00000000f0800000, 0x0000000100000000)
  eden space 2048K, 100% used [0x00000000f0300000,0x00000000f0500000,0x00000000f0500000)
  from space 1536K, 68% used [0x00000000f0680000,0x00000000f0788000,0x00000000f0800000)
  to   space 1536K, 0% used [0x00000000f0500000,0x00000000f0500000,0x00000000f0680000)
 ParOldGen       total 47616K, used 980K [0x00000000d0800000, 0x00000000d3680000, 0x00000000f0300000)
  object space 47616K, 2% used [0x00000000d0800000,0x00000000d08f5060,0x00000000d3680000)
 Metaspace       used 11397K, capacity 11608K, committed 11776K, reserved 1058816K
  class space    used 1470K, capacity 1532K, committed 1536K, reserved 1048576K
Event: 1.613 GC heap after
Heap after GC invocations=7 (full 0):
 PSYoungGen      total 3584K, used 1513K [0x00000000f0300000, 0x00000000f0b00000, 0x0000000100000000)
  eden space 2048K, 0% used [0x00000000f0300000,0x00000000f0300000,0x00000000f0500000)
  from space 1536K, 98% used [0x00000000f0500000,0x00000000f067a7c0,0x00000000f0680000)
  to   space 2048K, 0% used [0x00000000f0900000,0x00000000f0900000,0x00000000f0b00000)
 ParOldGen       total 47616K, used 1546K [0x00000000d0800000, 0x00000000d3680000, 0x00000000f0300000)
  object space 47616K, 3% used [0x00000000d0800000,0x00000000d0982890,0x00000000d3680000)
 Metaspace       used 11397K, capacity 11608K, committed 11776K, reserved 1058816K
  class space    used 1470K, capacity 1532K, committed 1536K, reserved 1048576K
}
Event: 4.958 GC heap before
{Heap before GC invocations=8 (full 0):
 PSYoungGen      total 3584K, used 3520K [0x00000000f0300000, 0x00000000f0b00000, 0x0000000100000000)
  eden space 2048K, 97% used [0x00000000f0300000,0x00000000f04f5bf0,0x00000000f0500000)
  from space 1536K, 98% used [0x00000000f0500000,0x00000000f067a7c0,0x00000000f0680000)
  to   space 2048K, 0% used [0x00000000f0900000,0x00000000f0900000,0x00000000f0b00000)
 ParOldGen       total 47616K, used 1546K [0x00000000d0800000, 0x00000000d3680000, 0x00000000f0300000)
  object space 47616K, 3% used [0x00000000d0800000,0x00000000d0982890,0x00000000d3680000)
 Metaspace       used 11929K, capacity 12088K, committed 12416K, reserved 1060864K
  class space    used 1516K, capacity 1564K, committed 1664K, reserved 1048576K
Event: 4.963 GC heap after
Heap after GC invocations=8 (full 0):
 PSYoungGen      total 5632K, used 1806K [0x00000000f0300000, 0x00000000f0c00000, 0x0000000100000000)
  eden space 3584K, 0% used [0x00000000f0300000,0x00000000f0300000,0x00000000f0680000)
  from space 2048K, 88% used [0x00000000f0900000,0x00000000f0ac39a8,0x00000000f0b00000)
  to   space 2560K, 0% used [0x00000000f0680000,0x00000000f0680000,0x00000000f0900000)
 ParOldGen       total 47616K, used 1646K [0x00000000d0800000, 0x00000000d3680000, 0x00000000f0300000)
  object space 47616K, 3% used [0x00000000d0800000,0x00000000d099b8a0,0x00000000d3680000)
 Metaspace       used 11929K, capacity 12088K, committed 12416K, reserved 1060864K
  class space    used 1516K, capacity 1564K, committed 1664K, reserved 1048576K
}

